<?xml version="1.0" encoding="UTF-8"?>
<!-- Generated by org.testng.reporters.JUnitXMLReporter -->
<testsuite ignored="3" hostname="DESKTOP-3NM67P2" failures="0" tests="3" name="Test" time="0.105" errors="0" timestamp="2021-09-07T18:46:13 IST">
  <testcase classname="Group.Group" name="mainTest" time="0.014"/>
  <testcase classname="Group.Group" name="mainTest1" time="0.003"/>
  <testcase classname="GroupTest2.GroupTest2" name="mainTest" time="0.002"/>
  <testcase classname="GroupsTest.GroupTest1" name="mainTest1" time="0.0">
    <ignored/>
  </testcase> <!-- mainTest1 -->
  <testcase classname="GroupsTest.GroupTest1" name="mainTest" time="0.0">
    <ignored/>
  </testcase> <!-- mainTest -->
  <testcase classname="GroupTest2.GroupTest2" name="mainTest1" time="0.0">
    <ignored/>
  </testcase> <!-- mainTest1 -->
</testsuite> <!-- Test -->
