<?xml version="1.0" encoding="UTF-8"?>
<!-- Generated by org.testng.reporters.JUnitXMLReporter -->
<testsuite ignored="1" hostname="DESKTOP-3NM67P2" failures="0" tests="5" name="Test" time="0.142" errors="0" timestamp="2021-09-08T15:27:23 IST">
  <testcase classname="Group.Group" name="mainTest" time="0.019"/>
  <testcase classname="Group.Group" name="mainTest1" time="0.001"/>
  <testcase classname="GroupsTest.GroupTest1" name="mainTest1" time="0.002"/>
  <testcase classname="GroupTest2.GroupTest2" name="mainTest1" time="0.009"/>
  <testcase classname="GroupTest2.GroupTest2" name="mainTest2" time="0.028"/>
  <testcase classname="GroupsTest.GroupTest1" name="mainTest" time="0.0">
    <ignored/>
  </testcase> <!-- mainTest -->
</testsuite> <!-- Test -->
