<?xml version="1.0" encoding="UTF-8"?>
<!-- Generated by org.testng.reporters.JUnitXMLReporter -->
<testsuite hostname="DESKTOP-3NM67P2" ignored="3" name="Test" tests="3" failures="0" timestamp="2021-09-07T19:32:43 IST" time="0.106" errors="0">
  <testcase name="mainTest" time="0.01" classname="Group.Group"/>
  <testcase name="mainTest1" time="0.001" classname="Group.Group"/>
  <testcase name="mainTest" time="0.0" classname="GroupTest2.GroupTest2"/>
  <testcase name="mainTest1" time="0.0" classname="GroupsTest.GroupTest1">
    <ignored/>
  </testcase> <!-- mainTest1 -->
  <testcase name="mainTest" time="0.0" classname="GroupsTest.GroupTest1">
    <ignored/>
  </testcase> <!-- mainTest -->
  <testcase name="mainTest1" time="0.0" classname="GroupTest2.GroupTest2">
    <ignored/>
  </testcase> <!-- mainTest1 -->
</testsuite> <!-- Test -->
