<?xml version="1.0" encoding="UTF-8"?>
<testsuite xmlns:xsi="http://www.w3.org/2001/XMLSchema-instance" xsi:noNamespaceSchemaLocation="https://maven.apache.org/surefire/maven-surefire-plugin/xsd/surefire-test-report-3.0.xsd" version="3.0" name="TestSuite" time="1.304" tests="3" errors="0" skipped="0" failures="0">
  <properties>
[...]
</properties>
  <testcase name="mainTest" classname="Group.Group" time="0.009">
    <system-out><![CDATA[MainTest Group Class
]]></system-out>
  </testcase>
  <testcase name="mainTest1" classname="Group.Group" time="0.002">
    <system-out><![CDATA[MainTest1 Group Class
]]></system-out>
  </testcase>
  <testcase name="mainTest" classname="GroupTest2.GroupTest2" time="0">
    <system-out><![CDATA[MainTest GroupTest2 Class
]]></system-out>
  </testcase>
</testsuite>