<?xml version="1.0" encoding="UTF-8"?>
<testng-results skipped="0" failed="0" ignored="3" total="6" passed="3">
  <reporter-output>
  </reporter-output>
  <suite name="Suite" duration-ms="106" started-at="2021-09-07T19:32:43 IST" finished-at="2021-09-07T19:32:43 IST">
    <groups>
      <group name="FunctionalTest">
        <method signature="GroupTest2.mainTest()[pri:0, instance:GroupTest2.GroupTest2@3c0f93f1]" name="mainTest" class="GroupTest2.GroupTest2"/>
      </group> <!-- FunctionalTest -->
      <group name="Regression">
        <method signature="Group.mainTest1()[pri:0, instance:Group.Group@49993335]" name="mainTest1" class="Group.Group"/>
      </group> <!-- Regression -->
      <group name="Smoke">
        <method signature="Group.mainTest()[pri:0, instance:Group.Group@49993335]" name="mainTest" class="Group.Group"/>
        <method signature="Group.mainTest1()[pri:0, instance:Group.Group@49993335]" name="mainTest1" class="Group.Group"/>
      </group> <!-- Smoke -->
    </groups>
    <test name="Test" duration-ms="106" started-at="2021-09-07T19:32:43 IST" finished-at="2021-09-07T19:32:43 IST">
      <class name="GroupTest2.GroupTest2">
        <test-method status="PASS" signature="mainTest()[pri:0, instance:GroupTest2.GroupTest2@3c0f93f1]" name="mainTest" duration-ms="0" started-at="2021-09-07T19:32:43 IST" finished-at="2021-09-07T19:32:43 IST">
          <reporter-output>
          </reporter-output>
        </test-method> <!-- mainTest -->
      </class> <!-- GroupTest2.GroupTest2 -->
      <class name="Group.Group">
        <test-method status="PASS" signature="mainTest()[pri:0, instance:Group.Group@49993335]" name="mainTest" duration-ms="10" started-at="2021-09-07T19:32:43 IST" finished-at="2021-09-07T19:32:43 IST">
          <reporter-output>
          </reporter-output>
        </test-method> <!-- mainTest -->
        <test-method status="PASS" signature="mainTest1()[pri:0, instance:Group.Group@49993335]" name="mainTest1" duration-ms="1" started-at="2021-09-07T19:32:43 IST" finished-at="2021-09-07T19:32:43 IST">
          <reporter-output>
          </reporter-output>
        </test-method> <!-- mainTest1 -->
      </class> <!-- Group.Group -->
    </test> <!-- Test -->
  </suite> <!-- Suite -->
</testng-results>
