<?xml version="1.0" encoding="UTF-8"?>
<testng-results ignored="3" total="6" passed="3" failed="0" skipped="0">
  <reporter-output>
  </reporter-output>
  <suite started-at="2021-09-07T18:46:13 IST" name="Suite" finished-at="2021-09-07T18:46:13 IST" duration-ms="105">
    <groups>
      <group name="FunctionalTest">
        <method signature="GroupTest2.mainTest()[pri:0, instance:GroupTest2.GroupTest2@12b0404f]" name="mainTest" class="GroupTest2.GroupTest2"/>
      </group> <!-- FunctionalTest -->
      <group name="Regression">
        <method signature="Group.mainTest1()[pri:0, instance:Group.Group@7a4ccb53]" name="mainTest1" class="Group.Group"/>
      </group> <!-- Regression -->
      <group name="Smoke">
        <method signature="Group.mainTest()[pri:0, instance:Group.Group@7a4ccb53]" name="mainTest" class="Group.Group"/>
        <method signature="Group.mainTest1()[pri:0, instance:Group.Group@7a4ccb53]" name="mainTest1" class="Group.Group"/>
      </group> <!-- Smoke -->
    </groups>
    <test started-at="2021-09-07T18:46:13 IST" name="Test" finished-at="2021-09-07T18:46:13 IST" duration-ms="105">
      <class name="GroupTest2.GroupTest2">
        <test-method signature="mainTest()[pri:0, instance:GroupTest2.GroupTest2@12b0404f]" started-at="2021-09-07T18:46:13 IST" name="mainTest" finished-at="2021-09-07T18:46:13 IST" duration-ms="2" status="PASS">
          <reporter-output>
          </reporter-output>
        </test-method> <!-- mainTest -->
      </class> <!-- GroupTest2.GroupTest2 -->
      <class name="Group.Group">
        <test-method signature="mainTest()[pri:0, instance:Group.Group@7a4ccb53]" started-at="2021-09-07T18:46:13 IST" name="mainTest" finished-at="2021-09-07T18:46:13 IST" duration-ms="14" status="PASS">
          <reporter-output>
          </reporter-output>
        </test-method> <!-- mainTest -->
        <test-method signature="mainTest1()[pri:0, instance:Group.Group@7a4ccb53]" started-at="2021-09-07T18:46:13 IST" name="mainTest1" finished-at="2021-09-07T18:46:13 IST" duration-ms="3" status="PASS">
          <reporter-output>
          </reporter-output>
        </test-method> <!-- mainTest1 -->
      </class> <!-- Group.Group -->
    </test> <!-- Test -->
  </suite> <!-- Suite -->
</testng-results>
